have_header: checking for unistd.h... -------------------- yes

"gcc -o conftest -I/home/piousbox/.rbenv/versions/2.3.1/include/ruby-2.3.0/x86_64-linux -I/home/piousbox/.rbenv/versions/2.3.1/include/ruby-2.3.0/ruby/backward -I/home/piousbox/.rbenv/versions/2.3.1/include/ruby-2.3.0 -I. -I/home/piousbox/.rbenv/versions/2.3.1/include     -O3 -fno-fast-math -ggdb3 -Wall -Wextra -Wno-unused-parameter -Wno-parentheses -Wno-long-long -Wno-missing-field-initializers -Wunused-variable -Wpointer-arith -Wwrite-strings -Wdeclaration-after-statement -Wimplicit-function-declaration -Wdeprecated-declarations -Wno-packed-bitfield-compat -Wno-maybe-uninitialized conftest.c  -L. -L/home/piousbox/.rbenv/versions/2.3.1/lib -Wl,-R/home/piousbox/.rbenv/versions/2.3.1/lib -L. -L/home/piousbox/.rbenv/versions/2.3.1/lib  -fstack-protector -rdynamic -Wl,-export-dynamic     -Wl,-R/home/piousbox/.rbenv/versions/2.3.1/lib -L/home/piousbox/.rbenv/versions/2.3.1/lib -lruby-static  -lpthread -ldl -lcrypt -lm   -lc"
checked program was:
/* begin */
1: #include "ruby.h"
2: 
3: int main(int argc, char **argv)
4: {
5:   return 0;
6: }
/* end */

"gcc -E -I/home/piousbox/.rbenv/versions/2.3.1/include/ruby-2.3.0/x86_64-linux -I/home/piousbox/.rbenv/versions/2.3.1/include/ruby-2.3.0/ruby/backward -I/home/piousbox/.rbenv/versions/2.3.1/include/ruby-2.3.0 -I. -I/home/piousbox/.rbenv/versions/2.3.1/include     -O3 -fno-fast-math -ggdb3 -Wall -Wextra -Wno-unused-parameter -Wno-parentheses -Wno-long-long -Wno-missing-field-initializers -Wunused-variable -Wpointer-arith -Wwrite-strings -Wdeclaration-after-statement -Wimplicit-function-declaration -Wdeprecated-declarations -Wno-packed-bitfield-compat -Wno-maybe-uninitialized  conftest.c -o conftest.i"
checked program was:
/* begin */
1: #include "ruby.h"
2: 
3: #include <unistd.h>
/* end */

--------------------

have_header: checking for sys/select.h... -------------------- yes

"gcc -E -I/home/piousbox/.rbenv/versions/2.3.1/include/ruby-2.3.0/x86_64-linux -I/home/piousbox/.rbenv/versions/2.3.1/include/ruby-2.3.0/ruby/backward -I/home/piousbox/.rbenv/versions/2.3.1/include/ruby-2.3.0 -I. -I/home/piousbox/.rbenv/versions/2.3.1/include     -O3 -fno-fast-math -ggdb3 -Wall -Wextra -Wno-unused-parameter -Wno-parentheses -Wno-long-long -Wno-missing-field-initializers -Wunused-variable -Wpointer-arith -Wwrite-strings -Wdeclaration-after-statement -Wimplicit-function-declaration -Wdeprecated-declarations -Wno-packed-bitfield-compat -Wno-maybe-uninitialized  conftest.c -o conftest.i"
checked program was:
/* begin */
1: #include "ruby.h"
2: 
3: #include <sys/select.h>
/* end */

--------------------

have_header: checking for poll.h... -------------------- yes

"gcc -E -I/home/piousbox/.rbenv/versions/2.3.1/include/ruby-2.3.0/x86_64-linux -I/home/piousbox/.rbenv/versions/2.3.1/include/ruby-2.3.0/ruby/backward -I/home/piousbox/.rbenv/versions/2.3.1/include/ruby-2.3.0 -I. -I/home/piousbox/.rbenv/versions/2.3.1/include     -O3 -fno-fast-math -ggdb3 -Wall -Wextra -Wno-unused-parameter -Wno-parentheses -Wno-long-long -Wno-missing-field-initializers -Wunused-variable -Wpointer-arith -Wwrite-strings -Wdeclaration-after-statement -Wimplicit-function-declaration -Wdeprecated-declarations -Wno-packed-bitfield-compat -Wno-maybe-uninitialized  conftest.c -o conftest.i"
checked program was:
/* begin */
1: #include "ruby.h"
2: 
3: #include <poll.h>
/* end */

--------------------

have_header: checking for sys/epoll.h... -------------------- yes

"gcc -E -I/home/piousbox/.rbenv/versions/2.3.1/include/ruby-2.3.0/x86_64-linux -I/home/piousbox/.rbenv/versions/2.3.1/include/ruby-2.3.0/ruby/backward -I/home/piousbox/.rbenv/versions/2.3.1/include/ruby-2.3.0 -I. -I/home/piousbox/.rbenv/versions/2.3.1/include     -O3 -fno-fast-math -ggdb3 -Wall -Wextra -Wno-unused-parameter -Wno-parentheses -Wno-long-long -Wno-missing-field-initializers -Wunused-variable -Wpointer-arith -Wwrite-strings -Wdeclaration-after-statement -Wimplicit-function-declaration -Wdeprecated-declarations -Wno-packed-bitfield-compat -Wno-maybe-uninitialized  conftest.c -o conftest.i"
checked program was:
/* begin */
1: #include "ruby.h"
2: 
3: #include <sys/epoll.h>
/* end */

--------------------

have_header: checking for sys/event.h... -------------------- no

"gcc -E -I/home/piousbox/.rbenv/versions/2.3.1/include/ruby-2.3.0/x86_64-linux -I/home/piousbox/.rbenv/versions/2.3.1/include/ruby-2.3.0/ruby/backward -I/home/piousbox/.rbenv/versions/2.3.1/include/ruby-2.3.0 -I. -I/home/piousbox/.rbenv/versions/2.3.1/include     -O3 -fno-fast-math -ggdb3 -Wall -Wextra -Wno-unused-parameter -Wno-parentheses -Wno-long-long -Wno-missing-field-initializers -Wunused-variable -Wpointer-arith -Wwrite-strings -Wdeclaration-after-statement -Wimplicit-function-declaration -Wdeprecated-declarations -Wno-packed-bitfield-compat -Wno-maybe-uninitialized  conftest.c -o conftest.i"
conftest.c:3:23: fatal error: sys/event.h: No such file or directory
compilation terminated.
checked program was:
/* begin */
1: #include "ruby.h"
2: 
3: #include <sys/event.h>
/* end */

--------------------

have_header: checking for port.h... -------------------- no

"gcc -E -I/home/piousbox/.rbenv/versions/2.3.1/include/ruby-2.3.0/x86_64-linux -I/home/piousbox/.rbenv/versions/2.3.1/include/ruby-2.3.0/ruby/backward -I/home/piousbox/.rbenv/versions/2.3.1/include/ruby-2.3.0 -I. -I/home/piousbox/.rbenv/versions/2.3.1/include     -O3 -fno-fast-math -ggdb3 -Wall -Wextra -Wno-unused-parameter -Wno-parentheses -Wno-long-long -Wno-missing-field-initializers -Wunused-variable -Wpointer-arith -Wwrite-strings -Wdeclaration-after-statement -Wimplicit-function-declaration -Wdeprecated-declarations -Wno-packed-bitfield-compat -Wno-maybe-uninitialized  conftest.c -o conftest.i"
conftest.c:3:18: fatal error: port.h: No such file or directory
compilation terminated.
checked program was:
/* begin */
1: #include "ruby.h"
2: 
3: #include <port.h>
/* end */

--------------------

have_header: checking for sys/resource.h... -------------------- yes

"gcc -E -I/home/piousbox/.rbenv/versions/2.3.1/include/ruby-2.3.0/x86_64-linux -I/home/piousbox/.rbenv/versions/2.3.1/include/ruby-2.3.0/ruby/backward -I/home/piousbox/.rbenv/versions/2.3.1/include/ruby-2.3.0 -I. -I/home/piousbox/.rbenv/versions/2.3.1/include     -O3 -fno-fast-math -ggdb3 -Wall -Wextra -Wno-unused-parameter -Wno-parentheses -Wno-long-long -Wno-missing-field-initializers -Wunused-variable -Wpointer-arith -Wwrite-strings -Wdeclaration-after-statement -Wimplicit-function-declaration -Wdeprecated-declarations -Wno-packed-bitfield-compat -Wno-maybe-uninitialized  conftest.c -o conftest.i"
checked program was:
/* begin */
1: #include "ruby.h"
2: 
3: #include <sys/resource.h>
/* end */

--------------------

